0 info it worked if it ends with ok
1 verbose cli [ '/home/nazar/.nvm/versions/node/v4.4.2/bin/node',
1 verbose cli   '/home/nazar/.nvm/versions/node/v4.4.2/bin/npm',
1 verbose cli   'start' ]
2 info using npm@2.15.0
3 info using node@v4.4.2
4 verbose run-script [ 'prestart', 'start', 'poststart' ]
5 info prestart translatepuzzle@1.0.0
6 info start translatepuzzle@1.0.0
7 verbose unsafe-perm in lifecycle true
8 info translatepuzzle@1.0.0 Failed to exec start script
9 verbose stack Error: translatepuzzle@1.0.0 start: `tsc && concurrently "tsc -w" "lite-server" `
9 verbose stack Exit status 2
9 verbose stack     at EventEmitter.<anonymous> (/home/nazar/.nvm/versions/node/v4.4.2/lib/node_modules/npm/lib/utils/lifecycle.js:217:16)
9 verbose stack     at emitTwo (events.js:87:13)
9 verbose stack     at EventEmitter.emit (events.js:172:7)
9 verbose stack     at ChildProcess.<anonymous> (/home/nazar/.nvm/versions/node/v4.4.2/lib/node_modules/npm/lib/utils/spawn.js:24:14)
9 verbose stack     at emitTwo (events.js:87:13)
9 verbose stack     at ChildProcess.emit (events.js:172:7)
9 verbose stack     at maybeClose (internal/child_process.js:827:16)
9 verbose stack     at Process.ChildProcess._handle.onexit (internal/child_process.js:211:5)
10 verbose pkgid translatepuzzle@1.0.0
11 verbose cwd /home/nazar/Training-Progects/angular2/translatePuzzle/client
12 error Linux 4.2.0-41-generic
13 error argv "/home/nazar/.nvm/versions/node/v4.4.2/bin/node" "/home/nazar/.nvm/versions/node/v4.4.2/bin/npm" "start"
14 error node v4.4.2
15 error npm  v2.15.0
16 error code ELIFECYCLE
17 error translatepuzzle@1.0.0 start: `tsc && concurrently "tsc -w" "lite-server" `
17 error Exit status 2
18 error Failed at the translatepuzzle@1.0.0 start script 'tsc && concurrently "tsc -w" "lite-server" '.
18 error This is most likely a problem with the translatepuzzle package,
18 error not with npm itself.
18 error Tell the author that this fails on your system:
18 error     tsc && concurrently "tsc -w" "lite-server"
18 error You can get information on how to open an issue for this project with:
18 error     npm bugs translatepuzzle
18 error Or if that isn't available, you can get their info via:
18 error
18 error     npm owner ls translatepuzzle
18 error There is likely additional logging output above.
19 verbose exit [ 1, true ]
